Arguments: 
  C:\Program Files\nodejs\node.exe C:\Users\dhiru\AppData\Roaming\npm\node_modules\yarn\bin\yarn.js add gatsby-plugin-anchor-links

PATH: 
  C:\Windows\System32;C:\ffmpeg\bin;%PATH%;C:\ProgramData\chocolatey\bin;C:\Program Files\Git\cmd;C:\Ruby27-x64\bin;C:\Users\dhiru\scoop\shims;C:\Users\dhiru\.windows-build-tools\python27\;C:\Users\dhiru\AppData\Local\Microsoft\WindowsApps;C:\Users\dhiru\AppData\Local\Programs\Microsoft VS Code\bin;C:\Users\dhiru\AppData\Roaming\npm;C:\tools\php71;C:\Users\dhiru\AppData\Roaming\nvm;C:\Program Files\nodejs;C:\Users\dhiru\AppData\Local\Yarn\bin;C:\Users\dhiru\AppData\Local\Microsoft\WindowsApps;

Yarn version: 
  1.22.10

Node version: 
  14.17.0

Platform: 
  win32 x64

Trace: 
  Error: UNKNOWN: unknown error, copyfile 'C:\Users\dhiru\AppData\Local\Yarn\Cache\v6\npm-gatsby-plugin-google-analytics-4.16.0-ceb57927e3950f472b1714f76bec72df74301554-integrity\node_modules\gatsby-plugin-google-analytics\CHANGELOG.md' -> 'C:\Users\dhiru\Documents\derrick-adams-gatsby\full\derrick-adams\node_modules\gatsby-plugin-google-analytics\CHANGELOG.md'

npm manifest: 
  {
    "name": "derrick-adams",
    "version": "1.0.0",
    "private": true,
    "description": "derrick-adams",
    "author": "Daniel Hirunrusme",
    "keywords": [
      "gatsby"
    ],
    "scripts": {
      "develop": "gatsby develop",
      "start": "gatsby develop",
      "build": "gatsby build",
      "serve": "gatsby serve",
      "clean": "gatsby clean"
    },
    "dependencies": {
      "babel-plugin-styled-components": "^2.0.7",
      "canvas": "^2.9.1",
      "classnames": "^2.3.1",
      "gatsby": "^4.16.0",
      "gatsby-plugin-google-analytics": "^4.15.0",
      "gatsby-plugin-image": "^2.16.1",
      "gatsby-plugin-manifest": "^4.15.1",
      "gatsby-plugin-react-helmet": "^5.15.0",
      "gatsby-plugin-sharp": "^4.16.1",
      "gatsby-plugin-sitemap": "^5.15.1",
      "gatsby-plugin-styled-components": "^5.15.0",
      "gatsby-source-filesystem": "^4.16.0",
      "gatsby-transformer-sharp": "^4.15.1",
      "konva": "^8.3.4",
      "react": "^18.1.0",
      "react-circular-progressbar": "^2.0.4",
      "react-dom": "^18.1.0",
      "react-helmet": "^6.1.0",
      "react-konva": "^18.1.1",
      "react-player": "^2.10.1",
      "react-scrollmagic": "^2.3.0",
      "react-sparkle": "^1.0.9",
      "react-sticky": "^6.0.3",
      "styled-components": "^5.3.5",
      "use-image": "^1.0.12",
      "use-scroll-direction": "^1.1.4"
    },
    "devDependencies": {
      "prettier": "^2.6.2"
    }
  }

yarn manifest: 
  No manifest

Lockfile: 
  No lockfile
